<?xml version="1.0" encoding="UTF-8"?>
<!-- Generated by org.testng.reporters.JUnitXMLReporter -->
<testsuite ignored="0" hostname="Tapabrata7439" failures="0" tests="8" name="Regression Tests" time="66.349" errors="0" timestamp="2026-06-17T12:16:41 IST">
  <testcase classname="testcases.RegistrationTest" name="testRegistration" time="4.389"/>
  <testcase classname="testcases.LoginTest" name="validLogin" time="2.06"/>
  <testcase classname="testcases.NegativeLoginTest" name="testNegativeLogin" time="1.298"/>
  <testcase classname="testcases.OpenAccountTest" name="testOpenNewAccount" time="3.106"/>
  <testcase classname="testcases.AccountOverviewTest" name="testAccountOverviewDetails" time="2.021"/>
  <testcase classname="testcases.TransferFundsTest" name="testTransferFunds" time="4.701"/>
  <testcase classname="testcases.BillPayTest" name="testBillPayment" time="6.198"/>
  <testcase classname="testcases.LogoutTest" name="testLogout" time="10.066"/>
</testsuite> <!-- Regression Tests -->
