<?xml version="1.0" encoding="UTF-8"?>
<!-- Generated by org.testng.reporters.JUnitXMLReporter -->
<testsuite ignored="0" hostname="Tapabrata7439" failures="0" tests="8" name="Regression Tests" time="56.5" errors="0" timestamp="2026-06-14T13:13:43 IST">
  <testcase classname="testcases.RegistrationTest" name="testRegistration" time="2.71"/>
  <testcase classname="testcases.LoginTest" name="validLogin" time="1.157"/>
  <testcase classname="testcases.NegativeLoginTest" name="testNegativeLogin" time="0.849"/>
  <testcase classname="testcases.OpenAccountTest" name="testOpenNewAccount" time="2.405"/>
  <testcase classname="testcases.AccountOverviewTest" name="testAccountOverviewDetails" time="1.855"/>
  <testcase classname="testcases.TransferFundsTest" name="testTransferFunds" time="4.043"/>
  <testcase classname="testcases.BillPayTest" name="testBillPayment" time="5.784"/>
  <testcase classname="testcases.LogoutTest" name="testLogout" time="10.081"/>
</testsuite> <!-- Regression Tests -->
