<?xml version="1.0" encoding="UTF-8"?>
<testng-results ignored="0" total="8" passed="8" failed="0" skipped="0">
  <reporter-output>
  </reporter-output>
  <suite started-at="2026-06-17T12:15:35 IST" name="ParaBank Suite" finished-at="2026-06-17T12:16:41 IST" duration-ms="66349">
    <groups>
      <group name="AccountOverviewGroup">
        <method signature="AccountOverviewTest.testAccountOverviewDetails(java.lang.String,java.lang.String)[pri:0, instance:testcases.AccountOverviewTest@4e50c791]" name="testAccountOverviewDetails" class="testcases.AccountOverviewTest"/>
      </group> <!-- AccountOverviewGroup -->
      <group name="LoginGroup">
        <method signature="LoginTest.validLogin(java.lang.String,java.lang.String)[pri:0, instance:testcases.LoginTest@5fbe4146]" name="validLogin" class="testcases.LoginTest"/>
      </group> <!-- LoginGroup -->
      <group name="LogoutGroup">
        <method signature="LogoutTest.testLogout()[pri:0, instance:testcases.LogoutTest@71e9ddb4]" name="testLogout" class="testcases.LogoutTest"/>
      </group> <!-- LogoutGroup -->
      <group name="TransferFundsGroup">
        <method signature="TransferFundsTest.testTransferFunds(java.lang.String,java.lang.String)[pri:0, instance:testcases.TransferFundsTest@7530ad9c]" name="testTransferFunds" class="testcases.TransferFundsTest"/>
      </group> <!-- TransferFundsGroup -->
      <group name="OpenAccountGroup">
        <method signature="OpenAccountTest.testOpenNewAccount(java.lang.String,java.lang.String)[pri:0, instance:testcases.OpenAccountTest@1e66f1f5]" name="testOpenNewAccount" class="testcases.OpenAccountTest"/>
      </group> <!-- OpenAccountGroup -->
      <group name="BillPaymentGroup">
        <method signature="BillPayTest.testBillPayment(java.lang.String,java.lang.String)[pri:0, instance:testcases.BillPayTest@58a9760d]" name="testBillPayment" class="testcases.BillPayTest"/>
      </group> <!-- BillPaymentGroup -->
    </groups>
    <test started-at="2026-06-17T12:15:35 IST" name="Regression Tests" finished-at="2026-06-17T12:16:41 IST" duration-ms="66349">
      <class name="testcases.LogoutTest">
        <test-method is-config="true" signature="setup()[pri:0, instance:testcases.LogoutTest@71e9ddb4]" started-at="2026-06-17T12:16:28 IST" name="setup" finished-at="2026-06-17T12:16:31 IST" duration-ms="2984" status="PASS">
          <reporter-output>
          </reporter-output>
        </test-method> <!-- setup -->
        <test-method signature="testLogout()[pri:0, instance:testcases.LogoutTest@71e9ddb4]" started-at="2026-06-17T12:16:31 IST" name="testLogout" depends-on-groups="TransferFundsGroup, BillPaymentGroup" finished-at="2026-06-17T12:16:41 IST" duration-ms="10066" status="PASS">
          <reporter-output>
          </reporter-output>
        </test-method> <!-- testLogout -->
        <test-method is-config="true" signature="tearDown()[pri:0, instance:testcases.LogoutTest@71e9ddb4]" started-at="2026-06-17T12:16:41 IST" name="tearDown" finished-at="2026-06-17T12:16:41 IST" duration-ms="446" status="PASS">
          <reporter-output>
          </reporter-output>
        </test-method> <!-- tearDown -->
      </class> <!-- testcases.LogoutTest -->
      <class name="testcases.TransferFundsTest">
        <test-method is-config="true" signature="setup()[pri:0, instance:testcases.TransferFundsTest@7530ad9c]" started-at="2026-06-17T12:16:10 IST" name="setup" finished-at="2026-06-17T12:16:13 IST" duration-ms="2982" status="PASS">
          <reporter-output>
          </reporter-output>
        </test-method> <!-- setup -->
        <test-method signature="testTransferFunds(java.lang.String,java.lang.String)[pri:0, instance:testcases.TransferFundsTest@7530ad9c]" started-at="2026-06-17T12:16:13 IST" name="testTransferFunds" data-provider="transferData" depends-on-groups="AccountOverviewGroup" finished-at="2026-06-17T12:16:18 IST" duration-ms="4701" status="PASS">
          <params>
            <param index="0">
              <value>
                <![CDATA[testnguser06]]>
              </value>
            </param>
            <param index="1">
              <value>
                <![CDATA[admin123]]>
              </value>
            </param>
          </params>
          <reporter-output>
          </reporter-output>
        </test-method> <!-- testTransferFunds -->
        <test-method is-config="true" signature="tearDown()[pri:0, instance:testcases.TransferFundsTest@7530ad9c]" started-at="2026-06-17T12:16:18 IST" name="tearDown" finished-at="2026-06-17T12:16:18 IST" duration-ms="379" status="PASS">
          <reporter-output>
          </reporter-output>
        </test-method> <!-- tearDown -->
      </class> <!-- testcases.TransferFundsTest -->
      <class name="testcases.AccountOverviewTest">
        <test-method is-config="true" signature="setup()[pri:0, instance:testcases.AccountOverviewTest@4e50c791]" started-at="2026-06-17T12:16:05 IST" name="setup" finished-at="2026-06-17T12:16:08 IST" duration-ms="3138" status="PASS">
          <reporter-output>
          </reporter-output>
        </test-method> <!-- setup -->
        <test-method signature="testAccountOverviewDetails(java.lang.String,java.lang.String)[pri:0, instance:testcases.AccountOverviewTest@4e50c791]" started-at="2026-06-17T12:16:08 IST" name="testAccountOverviewDetails" data-provider="loginData" depends-on-groups="LoginGroup" finished-at="2026-06-17T12:16:10 IST" duration-ms="2021" status="PASS">
          <params>
            <param index="0">
              <value>
                <![CDATA[testnguser06]]>
              </value>
            </param>
            <param index="1">
              <value>
                <![CDATA[admin123]]>
              </value>
            </param>
          </params>
          <reporter-output>
          </reporter-output>
        </test-method> <!-- testAccountOverviewDetails -->
        <test-method is-config="true" signature="tearDown()[pri:0, instance:testcases.AccountOverviewTest@4e50c791]" started-at="2026-06-17T12:16:10 IST" name="tearDown" finished-at="2026-06-17T12:16:10 IST" duration-ms="305" status="PASS">
          <reporter-output>
          </reporter-output>
        </test-method> <!-- tearDown -->
      </class> <!-- testcases.AccountOverviewTest -->
      <class name="testcases.NegativeLoginTest">
        <test-method is-config="true" signature="setup()[pri:0, instance:testcases.NegativeLoginTest@394df057]" started-at="2026-06-17T12:15:53 IST" name="setup" finished-at="2026-06-17T12:15:56 IST" duration-ms="2834" status="PASS">
          <reporter-output>
          </reporter-output>
        </test-method> <!-- setup -->
        <test-method signature="testNegativeLogin(java.lang.String,java.lang.String)[pri:0, instance:testcases.NegativeLoginTest@394df057]" started-at="2026-06-17T12:15:56 IST" name="testNegativeLogin" data-provider="invalidLoginData" finished-at="2026-06-17T12:15:58 IST" duration-ms="1298" status="PASS">
          <params>
            <param index="0">
              <value>
                <![CDATA[invaliduser]]>
              </value>
            </param>
            <param index="1">
              <value>
                <![CDATA[invalidpass]]>
              </value>
            </param>
          </params>
          <reporter-output>
          </reporter-output>
        </test-method> <!-- testNegativeLogin -->
        <test-method is-config="true" signature="tearDown()[pri:0, instance:testcases.NegativeLoginTest@394df057]" started-at="2026-06-17T12:15:58 IST" name="tearDown" finished-at="2026-06-17T12:15:58 IST" duration-ms="326" status="PASS">
          <reporter-output>
          </reporter-output>
        </test-method> <!-- tearDown -->
      </class> <!-- testcases.NegativeLoginTest -->
      <class name="testcases.LoginTest">
        <test-method is-config="true" signature="setup()[pri:0, instance:testcases.LoginTest@5fbe4146]" started-at="2026-06-17T12:15:48 IST" name="setup" finished-at="2026-06-17T12:15:51 IST" duration-ms="2958" status="PASS">
          <reporter-output>
          </reporter-output>
        </test-method> <!-- setup -->
        <test-method signature="validLogin(java.lang.String,java.lang.String)[pri:0, instance:testcases.LoginTest@5fbe4146]" started-at="2026-06-17T12:15:51 IST" name="validLogin" data-provider="loginData" finished-at="2026-06-17T12:15:53 IST" duration-ms="2060" status="PASS">
          <params>
            <param index="0">
              <value>
                <![CDATA[testnguser06]]>
              </value>
            </param>
            <param index="1">
              <value>
                <![CDATA[admin123]]>
              </value>
            </param>
          </params>
          <reporter-output>
          </reporter-output>
        </test-method> <!-- validLogin -->
        <test-method is-config="true" signature="tearDown()[pri:0, instance:testcases.LoginTest@5fbe4146]" started-at="2026-06-17T12:15:53 IST" name="tearDown" finished-at="2026-06-17T12:15:53 IST" duration-ms="379" status="PASS">
          <reporter-output>
          </reporter-output>
        </test-method> <!-- tearDown -->
      </class> <!-- testcases.LoginTest -->
      <class name="testcases.OpenAccountTest">
        <test-method is-config="true" signature="setup()[pri:0, instance:testcases.OpenAccountTest@1e66f1f5]" started-at="2026-06-17T12:15:58 IST" name="setup" finished-at="2026-06-17T12:16:01 IST" duration-ms="3400" status="PASS">
          <reporter-output>
          </reporter-output>
        </test-method> <!-- setup -->
        <test-method signature="testOpenNewAccount(java.lang.String,java.lang.String)[pri:0, instance:testcases.OpenAccountTest@1e66f1f5]" started-at="2026-06-17T12:16:01 IST" name="testOpenNewAccount" data-provider="loginData" depends-on-groups="LoginGroup" finished-at="2026-06-17T12:16:04 IST" duration-ms="3106" status="PASS">
          <params>
            <param index="0">
              <value>
                <![CDATA[testnguser06]]>
              </value>
            </param>
            <param index="1">
              <value>
                <![CDATA[admin123]]>
              </value>
            </param>
          </params>
          <reporter-output>
          </reporter-output>
        </test-method> <!-- testOpenNewAccount -->
        <test-method is-config="true" signature="tearDown()[pri:0, instance:testcases.OpenAccountTest@1e66f1f5]" started-at="2026-06-17T12:16:04 IST" name="tearDown" finished-at="2026-06-17T12:16:05 IST" duration-ms="330" status="PASS">
          <reporter-output>
          </reporter-output>
        </test-method> <!-- tearDown -->
      </class> <!-- testcases.OpenAccountTest -->
      <class name="testcases.BillPayTest">
        <test-method is-config="true" signature="setup()[pri:0, instance:testcases.BillPayTest@58a9760d]" started-at="2026-06-17T12:16:18 IST" name="setup" finished-at="2026-06-17T12:16:21 IST" duration-ms="2721" status="PASS">
          <reporter-output>
          </reporter-output>
        </test-method> <!-- setup -->
        <test-method signature="testBillPayment(java.lang.String,java.lang.String)[pri:0, instance:testcases.BillPayTest@58a9760d]" started-at="2026-06-17T12:16:21 IST" name="testBillPayment" data-provider="loginData" depends-on-groups="AccountOverviewGroup" finished-at="2026-06-17T12:16:27 IST" duration-ms="6198" status="PASS">
          <params>
            <param index="0">
              <value>
                <![CDATA[testnguser06]]>
              </value>
            </param>
            <param index="1">
              <value>
                <![CDATA[admin123]]>
              </value>
            </param>
          </params>
          <reporter-output>
          </reporter-output>
        </test-method> <!-- testBillPayment -->
        <test-method is-config="true" signature="tearDown()[pri:0, instance:testcases.BillPayTest@58a9760d]" started-at="2026-06-17T12:16:27 IST" name="tearDown" finished-at="2026-06-17T12:16:28 IST" duration-ms="352" status="PASS">
          <reporter-output>
          </reporter-output>
        </test-method> <!-- tearDown -->
      </class> <!-- testcases.BillPayTest -->
      <class name="testcases.RegistrationTest">
        <test-method is-config="true" signature="setup()[pri:0, instance:testcases.RegistrationTest@b3ca52e]" started-at="2026-06-17T12:15:36 IST" name="setup" finished-at="2026-06-17T12:15:43 IST" duration-ms="6592" status="PASS">
          <reporter-output>
          </reporter-output>
        </test-method> <!-- setup -->
        <test-method signature="testRegistration(java.lang.String,java.lang.String,java.lang.String,java.lang.String,java.lang.String,java.lang.String,java.lang.String,java.lang.String,java.lang.String,java.lang.String,java.lang.String)[pri:0, instance:testcases.RegistrationTest@b3ca52e]" started-at="2026-06-17T12:15:43 IST" name="testRegistration" data-provider="regData" finished-at="2026-06-17T12:15:47 IST" duration-ms="4389" status="PASS">
          <params>
            <param index="0">
              <value>
                <![CDATA[TestNG 06]]>
              </value>
            </param>
            <param index="1">
              <value>
                <![CDATA[User 06]]>
              </value>
            </param>
            <param index="2">
              <value>
                <![CDATA[3/12 Main Street]]>
              </value>
            </param>
            <param index="3">
              <value>
                <![CDATA[Kolkata]]>
              </value>
            </param>
            <param index="4">
              <value>
                <![CDATA[Bengal]]>
              </value>
            </param>
            <param index="5">
              <value>
                <![CDATA[700060.0]]>
              </value>
            </param>
            <param index="6">
              <value>
                <![CDATA[5.46879213E9]]>
              </value>
            </param>
            <param index="7">
              <value>
                <![CDATA[987-123]]>
              </value>
            </param>
            <param index="8">
              <value>
                <![CDATA[testnguser06]]>
              </value>
            </param>
            <param index="9">
              <value>
                <![CDATA[admin123]]>
              </value>
            </param>
            <param index="10">
              <value>
                <![CDATA[admin123]]>
              </value>
            </param>
          </params>
          <reporter-output>
          </reporter-output>
        </test-method> <!-- testRegistration -->
        <test-method is-config="true" signature="tearDown()[pri:0, instance:testcases.RegistrationTest@b3ca52e]" started-at="2026-06-17T12:15:47 IST" name="tearDown" finished-at="2026-06-17T12:15:48 IST" duration-ms="452" status="PASS">
          <reporter-output>
          </reporter-output>
        </test-method> <!-- tearDown -->
      </class> <!-- testcases.RegistrationTest -->
    </test> <!-- Regression Tests -->
  </suite> <!-- ParaBank Suite -->
</testng-results>
