<?xml version="1.0" encoding="UTF-8"?>
<testng-results ignored="0" total="8" passed="8" failed="0" skipped="0">
  <reporter-output>
  </reporter-output>
  <suite started-at="2026-06-14T13:12:46 IST" name="ParaBank Suite" finished-at="2026-06-14T13:13:43 IST" duration-ms="56500">
    <groups>
      <group name="AccountOverviewGroup">
        <method signature="AccountOverviewTest.testAccountOverviewDetails(java.lang.String,java.lang.String)[pri:0, instance:testcases.AccountOverviewTest@bccb269]" name="testAccountOverviewDetails" class="testcases.AccountOverviewTest"/>
      </group> <!-- AccountOverviewGroup -->
      <group name="LoginGroup">
        <method signature="LoginTest.validLogin(java.lang.String,java.lang.String)[pri:0, instance:testcases.LoginTest@6913c1fb]" name="validLogin" class="testcases.LoginTest"/>
      </group> <!-- LoginGroup -->
      <group name="LogoutGroup">
        <method signature="LogoutTest.testLogout()[pri:0, instance:testcases.LogoutTest@7d8704ef]" name="testLogout" class="testcases.LogoutTest"/>
      </group> <!-- LogoutGroup -->
      <group name="TransferFundsGroup">
        <method signature="TransferFundsTest.testTransferFunds(java.lang.String,java.lang.String)[pri:0, instance:testcases.TransferFundsTest@609cd4d8]" name="testTransferFunds" class="testcases.TransferFundsTest"/>
      </group> <!-- TransferFundsGroup -->
      <group name="OpenAccountGroup">
        <method signature="OpenAccountTest.testOpenNewAccount(java.lang.String,java.lang.String)[pri:0, instance:testcases.OpenAccountTest@66d18979]" name="testOpenNewAccount" class="testcases.OpenAccountTest"/>
      </group> <!-- OpenAccountGroup -->
      <group name="BillPaymentGroup">
        <method signature="BillPayTest.testBillPayment(java.lang.String,java.lang.String)[pri:0, instance:testcases.BillPayTest@17f7cd29]" name="testBillPayment" class="testcases.BillPayTest"/>
      </group> <!-- BillPaymentGroup -->
    </groups>
    <test started-at="2026-06-14T13:12:46 IST" name="Regression Tests" finished-at="2026-06-14T13:13:43 IST" duration-ms="56500">
      <class name="testcases.LogoutTest">
        <test-method is-config="true" signature="setup()[pri:0, instance:testcases.LogoutTest@7d8704ef]" started-at="2026-06-14T13:13:29 IST" name="setup" finished-at="2026-06-14T13:13:32 IST" duration-ms="3172" status="PASS">
          <reporter-output>
          </reporter-output>
        </test-method> <!-- setup -->
        <test-method signature="testLogout()[pri:0, instance:testcases.LogoutTest@7d8704ef]" started-at="2026-06-14T13:13:32 IST" name="testLogout" depends-on-groups="TransferFundsGroup, BillPaymentGroup" finished-at="2026-06-14T13:13:43 IST" duration-ms="10081" status="PASS">
          <reporter-output>
          </reporter-output>
        </test-method> <!-- testLogout -->
        <test-method is-config="true" signature="tearDown()[pri:0, instance:testcases.LogoutTest@7d8704ef]" started-at="2026-06-14T13:13:43 IST" name="tearDown" finished-at="2026-06-14T13:13:43 IST" duration-ms="326" status="PASS">
          <reporter-output>
          </reporter-output>
        </test-method> <!-- tearDown -->
      </class> <!-- testcases.LogoutTest -->
      <class name="testcases.TransferFundsTest">
        <test-method is-config="true" signature="setup()[pri:0, instance:testcases.TransferFundsTest@609cd4d8]" started-at="2026-06-14T13:13:12 IST" name="setup" finished-at="2026-06-14T13:13:16 IST" duration-ms="3353" status="PASS">
          <reporter-output>
          </reporter-output>
        </test-method> <!-- setup -->
        <test-method signature="testTransferFunds(java.lang.String,java.lang.String)[pri:0, instance:testcases.TransferFundsTest@609cd4d8]" started-at="2026-06-14T13:13:16 IST" name="testTransferFunds" data-provider="transferData" depends-on-groups="AccountOverviewGroup" finished-at="2026-06-14T13:13:20 IST" duration-ms="4043" status="PASS">
          <params>
            <param index="0">
              <value>
                <![CDATA[testnguser12]]>
              </value>
            </param>
            <param index="1">
              <value>
                <![CDATA[admin123]]>
              </value>
            </param>
          </params>
          <reporter-output>
          </reporter-output>
        </test-method> <!-- testTransferFunds -->
        <test-method is-config="true" signature="tearDown()[pri:0, instance:testcases.TransferFundsTest@609cd4d8]" started-at="2026-06-14T13:13:20 IST" name="tearDown" finished-at="2026-06-14T13:13:20 IST" duration-ms="317" status="PASS">
          <reporter-output>
          </reporter-output>
        </test-method> <!-- tearDown -->
      </class> <!-- testcases.TransferFundsTest -->
      <class name="testcases.AccountOverviewTest">
        <test-method is-config="true" signature="setup()[pri:0, instance:testcases.AccountOverviewTest@bccb269]" started-at="2026-06-14T13:13:07 IST" name="setup" finished-at="2026-06-14T13:13:10 IST" duration-ms="3025" status="PASS">
          <reporter-output>
          </reporter-output>
        </test-method> <!-- setup -->
        <test-method signature="testAccountOverviewDetails(java.lang.String,java.lang.String)[pri:0, instance:testcases.AccountOverviewTest@bccb269]" started-at="2026-06-14T13:13:10 IST" name="testAccountOverviewDetails" data-provider="loginData" depends-on-groups="LoginGroup" finished-at="2026-06-14T13:13:12 IST" duration-ms="1855" status="PASS">
          <params>
            <param index="0">
              <value>
                <![CDATA[testnguser12]]>
              </value>
            </param>
            <param index="1">
              <value>
                <![CDATA[admin123]]>
              </value>
            </param>
          </params>
          <reporter-output>
          </reporter-output>
        </test-method> <!-- testAccountOverviewDetails -->
        <test-method is-config="true" signature="tearDown()[pri:0, instance:testcases.AccountOverviewTest@bccb269]" started-at="2026-06-14T13:13:12 IST" name="tearDown" finished-at="2026-06-14T13:13:12 IST" duration-ms="317" status="PASS">
          <reporter-output>
          </reporter-output>
        </test-method> <!-- tearDown -->
      </class> <!-- testcases.AccountOverviewTest -->
      <class name="testcases.NegativeLoginTest">
        <test-method is-config="true" signature="setup()[pri:0, instance:testcases.NegativeLoginTest@13b6aecc]" started-at="2026-06-14T13:12:58 IST" name="setup" finished-at="2026-06-14T13:13:00 IST" duration-ms="2359" status="PASS">
          <reporter-output>
          </reporter-output>
        </test-method> <!-- setup -->
        <test-method signature="testNegativeLogin(java.lang.String,java.lang.String)[pri:0, instance:testcases.NegativeLoginTest@13b6aecc]" started-at="2026-06-14T13:13:00 IST" name="testNegativeLogin" data-provider="invalidLoginData" finished-at="2026-06-14T13:13:01 IST" duration-ms="849" status="PASS">
          <params>
            <param index="0">
              <value>
                <![CDATA[invaliduser]]>
              </value>
            </param>
            <param index="1">
              <value>
                <![CDATA[invalidpass]]>
              </value>
            </param>
          </params>
          <reporter-output>
          </reporter-output>
        </test-method> <!-- testNegativeLogin -->
        <test-method is-config="true" signature="tearDown()[pri:0, instance:testcases.NegativeLoginTest@13b6aecc]" started-at="2026-06-14T13:13:01 IST" name="tearDown" finished-at="2026-06-14T13:13:01 IST" duration-ms="244" status="PASS">
          <reporter-output>
          </reporter-output>
        </test-method> <!-- tearDown -->
      </class> <!-- testcases.NegativeLoginTest -->
      <class name="testcases.LoginTest">
        <test-method is-config="true" signature="setup()[pri:0, instance:testcases.LoginTest@6913c1fb]" started-at="2026-06-14T13:12:54 IST" name="setup" finished-at="2026-06-14T13:12:57 IST" duration-ms="2472" status="PASS">
          <reporter-output>
          </reporter-output>
        </test-method> <!-- setup -->
        <test-method signature="validLogin(java.lang.String,java.lang.String)[pri:0, instance:testcases.LoginTest@6913c1fb]" started-at="2026-06-14T13:12:57 IST" name="validLogin" data-provider="loginData" finished-at="2026-06-14T13:12:58 IST" duration-ms="1157" status="PASS">
          <params>
            <param index="0">
              <value>
                <![CDATA[testnguser12]]>
              </value>
            </param>
            <param index="1">
              <value>
                <![CDATA[admin123]]>
              </value>
            </param>
          </params>
          <reporter-output>
          </reporter-output>
        </test-method> <!-- validLogin -->
        <test-method is-config="true" signature="tearDown()[pri:0, instance:testcases.LoginTest@6913c1fb]" started-at="2026-06-14T13:12:58 IST" name="tearDown" finished-at="2026-06-14T13:12:58 IST" duration-ms="231" status="PASS">
          <reporter-output>
          </reporter-output>
        </test-method> <!-- tearDown -->
      </class> <!-- testcases.LoginTest -->
      <class name="testcases.OpenAccountTest">
        <test-method is-config="true" signature="setup()[pri:0, instance:testcases.OpenAccountTest@66d18979]" started-at="2026-06-14T13:13:02 IST" name="setup" finished-at="2026-06-14T13:13:04 IST" duration-ms="2836" status="PASS">
          <reporter-output>
          </reporter-output>
        </test-method> <!-- setup -->
        <test-method signature="testOpenNewAccount(java.lang.String,java.lang.String)[pri:0, instance:testcases.OpenAccountTest@66d18979]" started-at="2026-06-14T13:13:04 IST" name="testOpenNewAccount" data-provider="loginData" depends-on-groups="LoginGroup" finished-at="2026-06-14T13:13:07 IST" duration-ms="2405" status="PASS">
          <params>
            <param index="0">
              <value>
                <![CDATA[testnguser12]]>
              </value>
            </param>
            <param index="1">
              <value>
                <![CDATA[admin123]]>
              </value>
            </param>
          </params>
          <reporter-output>
          </reporter-output>
        </test-method> <!-- testOpenNewAccount -->
        <test-method is-config="true" signature="tearDown()[pri:0, instance:testcases.OpenAccountTest@66d18979]" started-at="2026-06-14T13:13:07 IST" name="tearDown" finished-at="2026-06-14T13:13:07 IST" duration-ms="344" status="PASS">
          <reporter-output>
          </reporter-output>
        </test-method> <!-- tearDown -->
      </class> <!-- testcases.OpenAccountTest -->
      <class name="testcases.BillPayTest">
        <test-method is-config="true" signature="setup()[pri:0, instance:testcases.BillPayTest@17f7cd29]" started-at="2026-06-14T13:13:20 IST" name="setup" finished-at="2026-06-14T13:13:23 IST" duration-ms="3055" status="PASS">
          <reporter-output>
          </reporter-output>
        </test-method> <!-- setup -->
        <test-method signature="testBillPayment(java.lang.String,java.lang.String)[pri:0, instance:testcases.BillPayTest@17f7cd29]" started-at="2026-06-14T13:13:23 IST" name="testBillPayment" data-provider="loginData" depends-on-groups="AccountOverviewGroup" finished-at="2026-06-14T13:13:29 IST" duration-ms="5784" status="PASS">
          <params>
            <param index="0">
              <value>
                <![CDATA[testnguser12]]>
              </value>
            </param>
            <param index="1">
              <value>
                <![CDATA[admin123]]>
              </value>
            </param>
          </params>
          <reporter-output>
          </reporter-output>
        </test-method> <!-- testBillPayment -->
        <test-method is-config="true" signature="tearDown()[pri:0, instance:testcases.BillPayTest@17f7cd29]" started-at="2026-06-14T13:13:29 IST" name="tearDown" finished-at="2026-06-14T13:13:29 IST" duration-ms="315" status="PASS">
          <reporter-output>
          </reporter-output>
        </test-method> <!-- tearDown -->
      </class> <!-- testcases.BillPayTest -->
      <class name="testcases.RegistrationTest">
        <test-method is-config="true" signature="setup()[pri:0, instance:testcases.RegistrationTest@1ce24091]" started-at="2026-06-14T13:12:48 IST" name="setup" finished-at="2026-06-14T13:12:51 IST" duration-ms="3344" status="PASS">
          <reporter-output>
          </reporter-output>
        </test-method> <!-- setup -->
        <test-method signature="testRegistration(java.lang.String,java.lang.String,java.lang.String,java.lang.String,java.lang.String,java.lang.String,java.lang.String,java.lang.String,java.lang.String,java.lang.String,java.lang.String)[pri:0, instance:testcases.RegistrationTest@1ce24091]" started-at="2026-06-14T13:12:51 IST" name="testRegistration" data-provider="regData" finished-at="2026-06-14T13:12:54 IST" duration-ms="2710" status="PASS">
          <params>
            <param index="0">
              <value>
                <![CDATA[TestNG 12]]>
              </value>
            </param>
            <param index="1">
              <value>
                <![CDATA[User 12]]>
              </value>
            </param>
            <param index="2">
              <value>
                <![CDATA[3/12 Main Street]]>
              </value>
            </param>
            <param index="3">
              <value>
                <![CDATA[Kolkata]]>
              </value>
            </param>
            <param index="4">
              <value>
                <![CDATA[Bengal]]>
              </value>
            </param>
            <param index="5">
              <value>
                <![CDATA[700060.0]]>
              </value>
            </param>
            <param index="6">
              <value>
                <![CDATA[5.46879213E9]]>
              </value>
            </param>
            <param index="7">
              <value>
                <![CDATA[987-123]]>
              </value>
            </param>
            <param index="8">
              <value>
                <![CDATA[testnguser12]]>
              </value>
            </param>
            <param index="9">
              <value>
                <![CDATA[admin123]]>
              </value>
            </param>
            <param index="10">
              <value>
                <![CDATA[admin123]]>
              </value>
            </param>
          </params>
          <reporter-output>
          </reporter-output>
        </test-method> <!-- testRegistration -->
        <test-method is-config="true" signature="tearDown()[pri:0, instance:testcases.RegistrationTest@1ce24091]" started-at="2026-06-14T13:12:54 IST" name="tearDown" finished-at="2026-06-14T13:12:54 IST" duration-ms="285" status="PASS">
          <reporter-output>
          </reporter-output>
        </test-method> <!-- tearDown -->
      </class> <!-- testcases.RegistrationTest -->
    </test> <!-- Regression Tests -->
  </suite> <!-- ParaBank Suite -->
</testng-results>
